<?xml version="1.0" encoding="UTF-8"?>
<!-- Generated by org.testng.reporters.JUnitReportReporter -->
<testsuite skipped="0" hostname="Eight" name="ionSupply_TestSuite_TestNG.BasicAcceptanceTest" tests="1" failures="0" timestamp="16 Apr 2018 21:20:36 GMT" time="0.624" errors="0">
  <testcase name="launchHomePage" time="0.624" classname="ionSupply_TestSuite_TestNG.BasicAcceptanceTest"/>
</testsuite> <!-- ionSupply_TestSuite_TestNG.BasicAcceptanceTest -->
