<?xml version="1.0" encoding="UTF-8"?>
<!-- Generated by org.testng.reporters.JUnitReportReporter -->
<testsuite skipped="0" hostname="Eight" name="ionSupply_TestSuite_TestNG.Items" tests="4" failures="0" timestamp="30 Apr 2018 21:03:09 GMT" time="51.774" errors="0">
  <testcase name="UpdateDescription" time="12.942" classname="ionSupply_TestSuite_TestNG.Items"/>
  <testcase name="UpdateDescription" time="12.926" classname="ionSupply_TestSuite_TestNG.Items"/>
  <testcase name="UpdateDescription" time="12.907" classname="ionSupply_TestSuite_TestNG.Items"/>
  <testcase name="UpdateDescription" time="12.999" classname="ionSupply_TestSuite_TestNG.Items"/>
</testsuite> <!-- ionSupply_TestSuite_TestNG.Items -->
