<?xml version="1.0" encoding="UTF-8"?>
<!-- Generated by org.testng.reporters.JUnitReportReporter -->
<testsuite skipped="0" hostname="Eight" name="ionSupply_TestSuite_TestNG.Items" tests="2" failures="0" timestamp="16 Apr 2018 21:20:36 GMT" time="5.128" errors="0">
  <testcase name="UpdateDescription" time="2.646" classname="ionSupply_TestSuite_TestNG.Items"/>
  <testcase name="UpdateDescription" time="2.482" classname="ionSupply_TestSuite_TestNG.Items"/>
</testsuite> <!-- ionSupply_TestSuite_TestNG.Items -->
